<?xml version='1.0' encoding='UTF-8'?>
<testsuite hostname="Basilas-MacBook-Pro.local" name="com.example.ranking.tests.IntegrationSpec" tests="3" errors="0" failures="0" skipped="0" time="0.211" timestamp="2025-09-05T23:01:42">
          <properties>
      <property name="java.specification.version" value="19"/><property name="sun.jnu.encoding" value="UTF-8"/><property name="sun.arch.data.model" value="64"/><property name="java.vendor.url" value="https://java.oracle.com/"/><property name="sun.boot.library.path" value="/Users/basila/Library/Java/JavaVirtualMachines/openjdk-19.0.1/Contents/Home/lib"/><property name="sun.java.command" value="/Users/basila/Library/Caches/Coursier/arc/https/github.com/sbt/sbt/releases/download/v1.8.2/sbt-1.8.2.zip/sbt/bin/sbt-launch.jar rankingTests/test"/><property name="jdk.debug" value="release"/><property name="java.specification.vendor" value="Oracle Corporation"/><property name="java.version.date" value="2022-10-18"/><property name="java.home" value="/Users/basila/Library/Java/JavaVirtualMachines/openjdk-19.0.1/Contents/Home"/><property name="file.separator" value="/"/><property name="java.vm.compressedOopsMode" value="Zero based"/><property name="line.separator" value="
"/><property name="java.vm.specification.vendor" value="Oracle Corporation"/><property name="java.specification.name" value="Java Platform API Specification"/><property name="sun.management.compiler" value="HotSpot 64-Bit Tiered Compilers"/><property name="java.runtime.version" value="19.0.1+10-21"/><property name="user.name" value="basila"/><property name="log4j.ignoreTCL" value="true"/><property name="file.encoding" value="UTF-8"/><property name="jnidispatch.path" value="/Users/basila/Library/Caches/JNA/temp/jna949268954179829009.tmp"/><property name="jna.loaded" value="true"/><property name="java.io.tmpdir" value="/var/folders/zr/kjqvh68x36j41y_y34l8scmm0000gn/T/"/><property name="java.version" value="19.0.1"/><property name="java.vm.specification.name" value="Java Virtual Machine Specification"/><property name="native.encoding" value="UTF-8"/><property name="java.library.path" value="/Users/basila/Library/Java/Extensions:/Library/Java/Extensions:/Network/Library/Java/Extensions:/System/Library/Java/Extensions:/usr/lib/java:."/><property name="stderr.encoding" value="UTF-8"/><property name="java.vendor" value="Oracle Corporation"/><property name="scala.ext.dirs" value="/Users/basila/.sbt/1.0/java9-rt-ext-oracle_corporation_19_0_1"/><property name="sun.io.unicode.encoding" value="UnicodeBig"/><property name="socksNonProxyHosts" value="local|*.local|169.254/16|*.169.254/16"/><property name="java.class.path" value="/Users/basila/Library/Caches/Coursier/arc/https/github.com/sbt/sbt/releases/download/v1.8.2/sbt-1.8.2.zip/sbt/bin/sbt-launch.jar"/><property name="java.vm.vendor" value="Oracle Corporation"/><property name="jline.shutdownhook" value="false"/><property name="user.timezone" value="America/Los_Angeles"/><property name="java.vm.specification.version" value="19"/><property name="os.name" value="Mac OS X"/><property name="sun.java.launcher" value="SUN_STANDARD"/><property name="user.country" value="US"/><property name="http.nonProxyHosts" value="local|*.local|169.254/16|*.169.254/16"/><property name="sun.cpu.endian" value="little"/><property name="user.home" value="/Users/basila"/><property name="user.language" value="en"/><property name="sbt.script" value="/Users/basila/Library/Caches/Coursier/arc/https/github.com/sbt/sbt/releases/download/v1.8.2/sbt-1.8.2.zip/sbt/bin/sbt"/><property name="sbt.ipcsocket.tmpdir" value="/var/folders/zr/kjqvh68x36j41y_y34l8scmm0000gn/T/.sbt38ce6c00/ipcsocket"/><property name="swoval.tmpdir" value="/var/folders/zr/kjqvh68x36j41y_y34l8scmm0000gn/T/.sbt38ce6c00/swoval"/><property name="apple.awt.application.name" value="Boot"/><property name="jline.esc.timeout" value="0"/><property name="ftp.nonProxyHosts" value="local|*.local|169.254/16|*.169.254/16"/><property name="stdout.encoding" value="UTF-8"/><property name="path.separator" value=":"/><property name="os.version" value="15.6.1"/><property name="jna.nosys" value="true"/><property name="java.runtime.name" value="OpenJDK Runtime Environment"/><property name="java.vm.name" value="OpenJDK 64-Bit Server VM"/><property name="jna.platform.library.path" value="/usr/lib:/usr/lib"/><property name="java.vendor.url.bug" value="https://bugreport.java.com/bugreport/"/><property name="user.dir" value="/Users/basila/Documents/Develop/ranking-engine"/><property name="os.arch" value="x86_64"/><property name="java.vm.info" value="mixed mode, sharing"/><property name="java.vm.version" value="19.0.1+10-21"/><property name="java.class.version" value="63.0"/>
    </properties>
          <testcase classname="com.example.ranking.tests.IntegrationSpec" name="RankingService should handle requests without config" time="0.089">
                      
                    </testcase><testcase classname="com.example.ranking.tests.IntegrationSpec" name="RankingService should handle requests with valid config" time="0.108">
                      
                    </testcase><testcase classname="com.example.ranking.tests.IntegrationSpec" name="RankingService should reject invalid configurations" time="0.014">
                      
                    </testcase>
          <system-out><![CDATA[]]></system-out>
          <system-err><![CDATA[]]></system-err>
        </testsuite>